	Babylon.js Exporter version: 1.8.0, Blender version: 2.75 (sub 0)
========= Conversion from Blender to Babylon.js =========
	Python World class constructor completed
	processing begun of material:  shelfMiniGame.aluminum
	processing begun of material:  shelfMiniGame.Black
	processing begun of material:  shelfMiniGame.Material.001
	WARNING texture type not currently supported:  NONE, ignored.
	processing begun of material:  shelfMiniGame.Material.002
	processing begun of material:  shelfMiniGame.Material.003
	processing begun of material:  shelfMiniGame.Material.005
	processing begun of material:  shelfMiniGame.Material.011
	processing begun of material:  shelfMiniGame.Material.012
	processing begun of material:  shelfMiniGame.Material.013
	processing begun of material:  shelfMiniGame.Material.014
	processing begun of material:  shelfMiniGame.Material.015
	processing begun of material:  shelfMiniGame.Material.016
	processing begun of material:  shelfMiniGame.metal
	processing begun of material:  shelfMiniGame.yellow
	processing begun of mesh:  Plane.003
		num positions      :  4
		num normals        :  4
		num uvs            :  0
		num uvs2           :  0
		num colors         :  0
		num indices        :  6
	processing begun of mesh:  InPlace.Ladder
		processing begun of multimaterial:  shelfMiniGame.Multimaterial#0
		num positions      :  272
		num normals        :  272
		num uvs            :  0
		num uvs2           :  0
		num colors         :  0
		num indices        :  1380
	processing begun of mesh:  InPlace.ForkLift
		processing begun of multimaterial:  shelfMiniGame.Multimaterial#1
		num positions      :  1883
		num normals        :  1883
		num uvs            :  0
		num uvs2           :  0
		num colors         :  0
		num indices        :  9654
	processing begun of mesh:  choice.Player
		processing begun of multimaterial:  shelfMiniGame.Multimaterial#2
		num positions      :  774
		num normals        :  774
		num uvs            :  0
		num uvs2           :  0
		num colors         :  0
		num indices        :  3996
	processing begun of mesh:  Plane.004
		num positions      :  4
		num normals        :  4
		num uvs            :  0
		num uvs2           :  0
		num colors         :  0
		num indices        :  6
	processing begun of mesh:  Plane.002
		num positions      :  4
		num normals        :  4
		num uvs            :  0
		num uvs2           :  0
		num colors         :  0
		num indices        :  6
	processing begun of mesh:  Plane.001
		num positions      :  4
		num normals        :  4
		num uvs            :  0
		num uvs2           :  0
		num colors         :  0
		num indices        :  6
	processing begun of mesh:  Plane
		num positions      :  4
		num normals        :  4
		num uvs            :  0
		num uvs2           :  0
		num colors         :  0
		num indices        :  6
	processing begun of camera (FreeCamera):  Camera
	processing begun of mesh:  Cube.007
		processing begun of multimaterial:  shelfMiniGame.Multimaterial#3
		num positions      :  96
		num normals        :  96
		num uvs            :  0
		num uvs2           :  0
		num colors         :  0
		num indices        :  480
	processing begun of mesh:  choice.Ladder
		processing begun of multimaterial:  shelfMiniGame.Multimaterial#4
		num positions      :  272
		num normals        :  272
		num uvs            :  0
		num uvs2           :  0
		num colors         :  0
		num indices        :  1380
	processing begun of mesh:  choice.ForkLift
		processing begun of multimaterial:  shelfMiniGame.Multimaterial#5
		num positions      :  1883
		num normals        :  1883
		num uvs            :  0
		num uvs2           :  0
		num colors         :  0
		num indices        :  9654
	processing begun of mesh:  InPlace.Player
		processing begun of multimaterial:  shelfMiniGame.Multimaterial#6
		num positions      :  774
		num normals        :  774
		num uvs            :  0
		num uvs2           :  0
		num colors         :  0
		num indices        :  3996
	processing begun of light (POINT):  Point
	processing begun of light (HEMI):  Lamp
========= Writing of scene file started =========
========= Writing of scene file completed =========
========= end of processing =========
