	Babylon.js Exporter version: 1.8.0, Blender version: 2.75 (sub 0)
========= Conversion from Blender to Babylon.js =========
	Python World class constructor completed
	processing begun of material:  gototarget.Material.002
	processing begun of skeleton:  Armature, id:  0
	processing begun of bone:  Bone, index:  0
	animation begun of bone:  Bone
	processing complete of skeleton:  Armature
	processing begun of mesh:  gototarget
		num positions      :  60
		num normals        :  60
		num uvs            :  0
		num uvs2           :  0
		num colors         :  0
		num indices        :  60
		num skeletonWeights:  240
		num skeletonIndices:  240
	processing begun of camera (FreeCamera):  Camera
	processing begun of light (POINT):  Lamp
========= Writing of scene file started =========
========= Writing of scene file completed =========
========= end of processing =========
